<?xml version="1.0" encoding="UTF-8"?>
<!-- Generated by org.testng.reporters.JUnitXMLReporter -->
<testsuite ignored="0" hostname="Gayatri-LP" failures="0" tests="4" name="APIAutomationUsingHTTPClient" time="0.606" errors="0" timestamp="2022-09-19T19:25:47 PDT">
  <testcase classname="com.qa.tests.GetAPITest" name="getAPITest" time="0.28"/>
  <testcase classname="com.qa.tests.PostAPITest" name="postAPITest" time="0.222"/>
  <testcase classname="com.qa.tests.PutAPITest" name="putAPITest" time="0.024"/>
  <testcase classname="com.qa.tests.DeleteAPITest" name="deleteAPITest" time="0.027"/>
</testsuite> <!-- APIAutomationUsingHTTPClient -->
