<?xml version="1.0" encoding="UTF-8"?>
<!-- Generated by org.testng.reporters.JUnitXMLReporter -->
<testsuite ignored="0" hostname="Gayatri-LP" failures="0" tests="4" name="APIAutomationUsingHTTPClient" time="0.596" errors="0" timestamp="2022-11-10T11:02:12 PST">
  <testcase classname="com.qa.tests.GetAPITest" name="getAPITest" time="0.281"/>
  <testcase classname="com.qa.tests.PostAPITest" name="postAPITest" time="0.221"/>
  <testcase classname="com.qa.tests.PutAPITest" name="putAPITest" time="0.028"/>
  <testcase classname="com.qa.tests.DeleteAPITest" name="deleteAPITest" time="0.026"/>
</testsuite> <!-- APIAutomationUsingHTTPClient -->
